<?xml version="1.0" encoding="UTF-8"?>
<!-- Generated by org.testng.reporters.JUnitReportReporter -->
<testsuite hostname="darshan-VirtualBox" name="marytts.language.en.PreprocessTest" tests="36" failures="0" timestamp="13 Feb 2018 10:18:41 GMT" time="0.374" errors="0">
  <testcase name="testExpandTime" time="0.000" classname="marytts.language.en.PreprocessTest"/>
  <testcase name="testExpandYear" time="0.001" classname="marytts.language.en.PreprocessTest"/>
  <testcase name="testExpandURL" time="0.003" classname="marytts.language.en.PreprocessTest"/>
  <testcase name="testExpandNum" time="0.001" classname="marytts.language.en.PreprocessTest"/>
  <testcase name="testExpandNum" time="0.000" classname="marytts.language.en.PreprocessTest"/>
  <testcase name="testExpandRealNum" time="0.000" classname="marytts.language.en.PreprocessTest"/>
  <testcase name="testExpandAbbrev" time="0.006" classname="marytts.language.en.PreprocessTest"/>
  <testcase name="testExpandNumWord" time="0.001" classname="marytts.language.en.PreprocessTest"/>
  <testcase name="testExpandAbbrev" time="0.000" classname="marytts.language.en.PreprocessTest"/>
  <testcase name="testExpandOrdinal" time="0.000" classname="marytts.language.en.PreprocessTest"/>
  <testcase name="testExpandTime" time="0.001" classname="marytts.language.en.PreprocessTest"/>
  <testcase name="testExpandYear" time="0.005" classname="marytts.language.en.PreprocessTest"/>
  <testcase name="testExpandRealNum" time="0.001" classname="marytts.language.en.PreprocessTest"/>
  <testcase name="testOneWord" time="0.135" classname="marytts.language.en.PreprocessTest"/>
  <testcase name="testExpandYear" time="0.001" classname="marytts.language.en.PreprocessTest"/>
  <testcase name="testExpandDate" time="0.163" classname="marytts.language.en.PreprocessTest"/>
  <testcase name="testExpandTime" time="0.002" classname="marytts.language.en.PreprocessTest"/>
  <testcase name="testExpandRealNum" time="0.000" classname="marytts.language.en.PreprocessTest"/>
  <testcase name="testExpandUnknownAbbrev" time="0.001" classname="marytts.language.en.PreprocessTest"/>
  <testcase name="testExpandNumberS" time="0.005" classname="marytts.language.en.PreprocessTest"/>
  <testcase name="testExpandDate" time="0.001" classname="marytts.language.en.PreprocessTest"/>
  <testcase name="testExpandYear" time="0.000" classname="marytts.language.en.PreprocessTest"/>
  <testcase name="testExpandRange" time="0.000" classname="marytts.language.en.PreprocessTest"/>
  <testcase name="testExpandYearBCAD" time="0.000" classname="marytts.language.en.PreprocessTest"/>
  <testcase name="testExpandNum" time="0.000" classname="marytts.language.en.PreprocessTest"/>
  <testcase name="testExpandNum" time="0.001" classname="marytts.language.en.PreprocessTest"/>
  <testcase name="testExpandOrdinal" time="0.000" classname="marytts.language.en.PreprocessTest"/>
  <testcase name="testExpandOrdinal" time="0.000" classname="marytts.language.en.PreprocessTest"/>
  <testcase name="testExpandHashtag" time="0.000" classname="marytts.language.en.PreprocessTest"/>
  <testcase name="testExpandTime" time="0.000" classname="marytts.language.en.PreprocessTest"/>
  <testcase name="testExpandNum" time="0.000" classname="marytts.language.en.PreprocessTest"/>
  <testcase name="testExpandRealNum" time="0.001" classname="marytts.language.en.PreprocessTest"/>
  <testcase name="testExpandNumWord" time="0.001" classname="marytts.language.en.PreprocessTest"/>
  <testcase name="testExpandConsonants" time="0.044" classname="marytts.language.en.PreprocessTest"/>
  <testcase name="testExpandNum" time="0.000" classname="marytts.language.en.PreprocessTest"/>
  <testcase name="testExpandAbbrev" time="0.000" classname="marytts.language.en.PreprocessTest"/>
</testsuite> <!-- marytts.language.en.PreprocessTest -->
