<?xml version="1.0" encoding="UTF-8"?>
<!-- Generated by org.testng.reporters.JUnitReportReporter -->
<testsuite hostname="darshan-VirtualBox" name="marytts.language.it.PreprocessTest" tests="13" failures="0" timestamp="13 Feb 2018 10:19:05 GMT" time="0.009" errors="0">
  <testcase name="testNumbers" time="0.005" classname="marytts.language.it.PreprocessTest"/>
  <testcase name="testNumbers" time="0.001" classname="marytts.language.it.PreprocessTest"/>
  <testcase name="testNumbers" time="0.002" classname="marytts.language.it.PreprocessTest"/>
  <testcase name="testNumbers" time="0.000" classname="marytts.language.it.PreprocessTest"/>
  <testcase name="testNumbers" time="0.000" classname="marytts.language.it.PreprocessTest"/>
  <testcase name="testNumbers" time="0.000" classname="marytts.language.it.PreprocessTest"/>
  <testcase name="testNumbers" time="0.000" classname="marytts.language.it.PreprocessTest"/>
  <testcase name="testNumbers" time="0.000" classname="marytts.language.it.PreprocessTest"/>
  <testcase name="testNumbers" time="0.000" classname="marytts.language.it.PreprocessTest"/>
  <testcase name="testNumbers" time="0.000" classname="marytts.language.it.PreprocessTest"/>
  <testcase name="testNumbers" time="0.000" classname="marytts.language.it.PreprocessTest"/>
  <testcase name="testNumbers" time="0.000" classname="marytts.language.it.PreprocessTest"/>
  <testcase name="testNumbers" time="0.001" classname="marytts.language.it.PreprocessTest"/>
</testsuite> <!-- marytts.language.it.PreprocessTest -->
