<?xml version="1.0" encoding="UTF-8"?>
<!-- Generated by org.testng.reporters.JUnitReportReporter -->
<testsuite hostname="darshan-VirtualBox" name="marytts.language.it.ItalianConfigTest" tests="3" failures="0" timestamp="13 Feb 2018 10:19:05 GMT" time="0.043" errors="0">
  <testcase name="isNotMainConfig" time="0.002" classname="marytts.language.it.ItalianConfigTest"/>
  <testcase name="canGet" time="0.034" classname="marytts.language.it.ItalianConfigTest"/>
  <testcase name="hasItalianLocale" time="0.007" classname="marytts.language.it.ItalianConfigTest"/>
</testsuite> <!-- marytts.language.it.ItalianConfigTest -->
