<?xml version="1.0" encoding="UTF-8"?>
<!-- Generated by org.testng.reporters.JUnitReportReporter -->
<testsuite hostname="darshan-VirtualBox" name="marytts.language.lb.LuxembourgishPreprocessTest" tests="19" failures="0" timestamp="13 Feb 2018 10:19:21 GMT" time="0.533" errors="0">
  <testcase name="testExpandCardinal" time="0.000" classname="marytts.language.lb.LuxembourgishPreprocessTest"/>
  <testcase name="testProcess" time="0.040" classname="marytts.language.lb.LuxembourgishPreprocessTest"/>
  <testcase name="testExpandCardinal" time="0.004" classname="marytts.language.lb.LuxembourgishPreprocessTest"/>
  <testcase name="testProcess" time="0.026" classname="marytts.language.lb.LuxembourgishPreprocessTest"/>
  <testcase name="testProcess" time="0.024" classname="marytts.language.lb.LuxembourgishPreprocessTest"/>
  <testcase name="testProcess" time="0.025" classname="marytts.language.lb.LuxembourgishPreprocessTest"/>
  <testcase name="testExpandCardinal" time="0.000" classname="marytts.language.lb.LuxembourgishPreprocessTest"/>
  <testcase name="testProcess" time="0.025" classname="marytts.language.lb.LuxembourgishPreprocessTest"/>
  <testcase name="testProcess" time="0.046" classname="marytts.language.lb.LuxembourgishPreprocessTest"/>
  <testcase name="testProcess" time="0.035" classname="marytts.language.lb.LuxembourgishPreprocessTest"/>
  <testcase name="testExpandCardinal" time="0.057" classname="marytts.language.lb.LuxembourgishPreprocessTest"/>
  <testcase name="testProcess" time="0.132" classname="marytts.language.lb.LuxembourgishPreprocessTest"/>
  <testcase name="testExpandCardinal" time="0.000" classname="marytts.language.lb.LuxembourgishPreprocessTest"/>
  <testcase name="testProcess" time="0.049" classname="marytts.language.lb.LuxembourgishPreprocessTest"/>
  <testcase name="testProcess" time="0.040" classname="marytts.language.lb.LuxembourgishPreprocessTest"/>
  <testcase name="testExpandCardinal" time="0.000" classname="marytts.language.lb.LuxembourgishPreprocessTest"/>
  <testcase name="testExpandCardinal" time="0.001" classname="marytts.language.lb.LuxembourgishPreprocessTest"/>
  <testcase name="testProcess" time="0.029" classname="marytts.language.lb.LuxembourgishPreprocessTest"/>
  <testcase name="testExpandCardinal" time="0.000" classname="marytts.language.lb.LuxembourgishPreprocessTest"/>
</testsuite> <!-- marytts.language.lb.LuxembourgishPreprocessTest -->
