<?xml version="1.0" encoding="UTF-8"?>
<!-- Generated by org.testng.reporters.JUnitReportReporter -->
<testsuite hostname="darshan-VirtualBox" name="marytts.language.lb.LuxembourgishConfigTest" tests="3" failures="0" timestamp="13 Feb 2018 10:19:21 GMT" time="0.013" errors="0">
  <testcase name="canGet" time="0.002" classname="marytts.language.lb.LuxembourgishConfigTest"/>
  <testcase name="isNotMainConfig" time="0.006" classname="marytts.language.lb.LuxembourgishConfigTest"/>
  <testcase name="hasLuxembourgishLocale" time="0.005" classname="marytts.language.lb.LuxembourgishConfigTest"/>
</testsuite> <!-- marytts.language.lb.LuxembourgishConfigTest -->
