<?xml version="1.0" encoding="UTF-8"?>
<!-- Generated by org.testng.reporters.JUnitReportReporter -->
<testsuite hostname="darshan-VirtualBox" name="marytts.language.lb.LuxembourgishPhonemiserTest" tests="5" failures="0" timestamp="13 Feb 2018 10:19:21 GMT" time="1.285" errors="0">
  <testcase name="testProcess" time="0.050" classname="marytts.language.lb.LuxembourgishPhonemiserTest"/>
  <testcase name="testProcess" time="1.035" classname="marytts.language.lb.LuxembourgishPhonemiserTest"/>
  <testcase name="testProcess" time="0.063" classname="marytts.language.lb.LuxembourgishPhonemiserTest"/>
  <testcase name="testProcess" time="0.050" classname="marytts.language.lb.LuxembourgishPhonemiserTest"/>
  <testcase name="testProcess" time="0.087" classname="marytts.language.lb.LuxembourgishPhonemiserTest"/>
</testsuite> <!-- marytts.language.lb.LuxembourgishPhonemiserTest -->
