<?xml version="1.0" encoding="UTF-8"?>
<!-- Generated by org.testng.reporters.JUnitReportReporter -->
<testsuite hostname="darshan-VirtualBox" name="marytts.language.en.MaryInterfaceEnIT" tests="4" failures="0" timestamp="13 Feb 2018 10:18:53 GMT" time="1.923" errors="0">
  <testcase name="convertTextToPhonemes" time="0.189" classname="marytts.language.en.MaryInterfaceEnIT"/>
  <testcase name="convertTextToAcoustparams" time="0.839" classname="marytts.language.en.MaryInterfaceEnIT"/>
  <testcase name="canSelectTargetfeatures" time="0.462" classname="marytts.language.en.MaryInterfaceEnIT"/>
  <testcase name="convertTextToTargetfeatures" time="0.433" classname="marytts.language.en.MaryInterfaceEnIT"/>
</testsuite> <!-- marytts.language.en.MaryInterfaceEnIT -->
