<?xml version="1.0" encoding="UTF-8"?>
<!-- Generated by org.testng.reporters.JUnitReportReporter -->
<testsuite hostname="darshan-VirtualBox" name="marytts.features.FeatureProcessorIT" tests="8" failures="0" timestamp="13 Feb 2018 10:18:53 GMT" time="0.009" errors="0">
  <testcase name="phone" time="0.000" classname="marytts.features.FeatureProcessorIT"/>
  <testcase name="haveAcoustparams" time="0.000" classname="marytts.features.FeatureProcessorIT"/>
  <testcase name="segmentNavigators" time="0.001" classname="marytts.features.FeatureProcessorIT"/>
  <testcase name="otherNavigators" time="0.006" classname="marytts.features.FeatureProcessorIT"/>
  <testcase name="sameNumberOfTargetsAndSegments" time="0.000" classname="marytts.features.FeatureProcessorIT"/>
  <testcase name="haveTargets" time="0.000" classname="marytts.features.FeatureProcessorIT"/>
  <testcase name="targetHasMatchingXML" time="0.001" classname="marytts.features.FeatureProcessorIT"/>
  <testcase name="syllableNavigators" time="0.001" classname="marytts.features.FeatureProcessorIT"/>
</testsuite> <!-- marytts.features.FeatureProcessorIT -->
