<?xml version="1.0" encoding="UTF-8"?>
<!-- Generated by org.testng.reporters.JUnitReportReporter -->
<testsuite hostname="darshan-VirtualBox" name="marytts.language.en.OpenNLPPosTaggerIT" tests="1" failures="0" timestamp="13 Feb 2018 10:18:53 GMT" time="1.408" errors="0">
  <testcase name="posExample2" time="1.408" classname="marytts.language.en.OpenNLPPosTaggerIT"/>
</testsuite> <!-- marytts.language.en.OpenNLPPosTaggerIT -->
