<?xml version="1.0" encoding="UTF-8"?>
<!-- Generated by org.testng.reporters.JUnitReportReporter -->
<testsuite hostname="darshan-VirtualBox" name="marytts.language.en.JTokeniserIT" tests="5" failures="0" timestamp="13 Feb 2018 10:18:53 GMT" time="0.220" errors="0">
  <testcase name="testDots1" time="0.120" classname="marytts.language.en.JTokeniserIT"/>
  <testcase name="testQuest" time="0.036" classname="marytts.language.en.JTokeniserIT"/>
  <testcase name="testExclam" time="0.024" classname="marytts.language.en.JTokeniserIT"/>
  <testcase name="testDots3" time="0.034" classname="marytts.language.en.JTokeniserIT"/>
  <testcase name="testDots2" time="0.006" classname="marytts.language.en.JTokeniserIT"/>
</testsuite> <!-- marytts.language.en.JTokeniserIT -->
