<?xml version="1.0" encoding="UTF-8"?>
<!-- Generated by org.testng.reporters.JUnitReportReporter -->
<testsuite hostname="darshan-VirtualBox" name="marytts.language.en.JPhonemiserIT" tests="2" failures="0" timestamp="13 Feb 2018 10:18:53 GMT" time="0.000" errors="0">
  <testcase name="testMaybePronounceable" time="0.000" classname="marytts.language.en.JPhonemiserIT"/>
  <testcase name="testIsPosPunctuation" time="0.000" classname="marytts.language.en.JPhonemiserIT"/>
</testsuite> <!-- marytts.language.en.JPhonemiserIT -->
