<?xml version="1.0" encoding="UTF-8"?>
<!-- Generated by org.testng.reporters.JUnitReportReporter -->
<testsuite hostname="darshan-VirtualBox" name="marytts.language.fr.PreprocessTest" tests="18" failures="0" timestamp="13 Feb 2018 10:19:08 GMT" time="0.189" errors="0">
  <testcase name="testSpellout" time="0.063" classname="marytts.language.fr.PreprocessTest"/>
  <testcase name="testExpandNum" time="0.000" classname="marytts.language.fr.PreprocessTest"/>
  <testcase name="testSpellout" time="0.005" classname="marytts.language.fr.PreprocessTest"/>
  <testcase name="testSpellout" time="0.008" classname="marytts.language.fr.PreprocessTest"/>
  <testcase name="testSpellout" time="0.018" classname="marytts.language.fr.PreprocessTest"/>
  <testcase name="testExpandNum" time="0.046" classname="marytts.language.fr.PreprocessTest"/>
  <testcase name="testExpandOrdinal" time="0.000" classname="marytts.language.fr.PreprocessTest"/>
  <testcase name="testExpandOrdinal" time="0.001" classname="marytts.language.fr.PreprocessTest"/>
  <testcase name="testSpellout" time="0.014" classname="marytts.language.fr.PreprocessTest"/>
  <testcase name="testExpandOrdinal" time="0.000" classname="marytts.language.fr.PreprocessTest"/>
  <testcase name="testSpellout" time="0.007" classname="marytts.language.fr.PreprocessTest"/>
  <testcase name="testSpellout" time="0.011" classname="marytts.language.fr.PreprocessTest"/>
  <testcase name="testSpellout" time="0.006" classname="marytts.language.fr.PreprocessTest"/>
  <testcase name="testSpellout" time="0.005" classname="marytts.language.fr.PreprocessTest"/>
  <testcase name="testExpandNum" time="0.000" classname="marytts.language.fr.PreprocessTest"/>
  <testcase name="testExpandNum" time="0.000" classname="marytts.language.fr.PreprocessTest"/>
  <testcase name="testExpandNum" time="0.001" classname="marytts.language.fr.PreprocessTest"/>
  <testcase name="testSpellout" time="0.004" classname="marytts.language.fr.PreprocessTest"/>
</testsuite> <!-- marytts.language.fr.PreprocessTest -->
