<?xml version="1.0" encoding="UTF-8"?>
<!-- Generated by org.testng.reporters.JUnitReportReporter -->
<testsuite hostname="darshan-VirtualBox" name="marytts.util.string.ByteStringTranslatorTest" tests="14" failures="0" timestamp="13 Feb 2018 10:17:58 GMT" time="0.014" errors="0">
  <testcase name="smallListCompareString" time="0.001" classname="marytts.util.string.ByteStringTranslatorTest"/>
  <testcase name="maxListDoesntContainString" time="0.001" classname="marytts.util.string.ByteStringTranslatorTest"/>
  <testcase name="maxListContainsByte" time="0.001" classname="marytts.util.string.ByteStringTranslatorTest"/>
  <testcase name="smallListDoesntContainByte" time="0.002" classname="marytts.util.string.ByteStringTranslatorTest"/>
  <testcase name="smallListLength" time="0.001" classname="marytts.util.string.ByteStringTranslatorTest"/>
  <testcase name="canCreateMaxList" time="0.004" classname="marytts.util.string.ByteStringTranslatorTest"/>
  <testcase name="tooLargeList" time="0.001" classname="marytts.util.string.ByteStringTranslatorTest"/>
  <testcase name="maxListCompareString" time="0.001" classname="marytts.util.string.ByteStringTranslatorTest"/>
  <testcase name="smallListDoesntContainString" time="0.001" classname="marytts.util.string.ByteStringTranslatorTest"/>
  <testcase name="smallListContainsString" time="0.001" classname="marytts.util.string.ByteStringTranslatorTest"/>
  <testcase name="maxListCompareString2" time="0.000" classname="marytts.util.string.ByteStringTranslatorTest"/>
  <testcase name="smallListContainsByte" time="0.000" classname="marytts.util.string.ByteStringTranslatorTest"/>
  <testcase name="maxListContainsString" time="0.000" classname="marytts.util.string.ByteStringTranslatorTest"/>
  <testcase name="maxListLength" time="0.000" classname="marytts.util.string.ByteStringTranslatorTest"/>
</testsuite> <!-- marytts.util.string.ByteStringTranslatorTest -->
