<?xml version="1.0" encoding="UTF-8"?>
<!-- Generated by org.testng.reporters.JUnitReportReporter -->
<testsuite hostname="darshan-VirtualBox" name="marytts.VersionTest" tests="1" failures="0" timestamp="13 Feb 2018 10:17:57 GMT" time="0.020" errors="0">
  <testcase name="testVersion" time="0.020" classname="marytts.VersionTest"/>
</testsuite> <!-- marytts.VersionTest -->
