<?xml version="1.0" encoding="UTF-8"?>
<!-- Generated by org.testng.reporters.JUnitReportReporter -->
<testsuite hostname="darshan-VirtualBox" name="marytts.util.dom.DomUtilsTest" tests="2" failures="0" timestamp="13 Feb 2018 10:17:58 GMT" time="0.327" errors="0">
  <testcase name="validatingParseStream" time="0.231" classname="marytts.util.dom.DomUtilsTest"/>
  <testcase name="validatingParseString" time="0.096" classname="marytts.util.dom.DomUtilsTest"/>
</testsuite> <!-- marytts.util.dom.DomUtilsTest -->
