<?xml version="1.0" encoding="UTF-8"?>
<!-- Generated by org.testng.reporters.JUnitReportReporter -->
<testsuite hostname="darshan-VirtualBox" name="marytts.modules.phonemiser.AllophoneSetTest" tests="67" failures="0" timestamp="13 Feb 2018 10:17:58 GMT" time="0.244" errors="0">
  <testcase name="testSplitIntoAllophoneList" time="0.000" classname="marytts.modules.phonemiser.AllophoneSetTest"/>
  <testcase name="testSplitAllophoneString" time="0.003" classname="marytts.modules.phonemiser.AllophoneSetTest"/>
  <testcase name="testSplitAllophoneString" time="0.008" classname="marytts.modules.phonemiser.AllophoneSetTest"/>
  <testcase name="testSplitAllophoneString" time="0.001" classname="marytts.modules.phonemiser.AllophoneSetTest"/>
  <testcase name="testSyllabify" time="0.009" classname="marytts.modules.phonemiser.AllophoneSetTest"/>
  <testcase name="testSyllabify" time="0.000" classname="marytts.modules.phonemiser.AllophoneSetTest"/>
  <testcase name="testUnloadedIsUnavailable" time="0.000" classname="marytts.modules.phonemiser.AllophoneSetTest"/>
  <testcase name="testSplitAllophoneString" time="0.001" classname="marytts.modules.phonemiser.AllophoneSetTest"/>
  <testcase name="testLegacySyllabify" time="0.047" classname="marytts.modules.phonemiser.AllophoneSetTest"/>
  <testcase name="testSyllabify" time="0.002" classname="marytts.modules.phonemiser.AllophoneSetTest"/>
  <testcase name="testSyllabify" time="0.001" classname="marytts.modules.phonemiser.AllophoneSetTest"/>
  <testcase name="testLegacySyllabify" time="0.001" classname="marytts.modules.phonemiser.AllophoneSetTest"/>
  <testcase name="testLegacySyllabify" time="0.003" classname="marytts.modules.phonemiser.AllophoneSetTest"/>
  <testcase name="testSplitIntoAllophoneListWithInvalidInput" time="0.001" classname="marytts.modules.phonemiser.AllophoneSetTest"/>
  <testcase name="testSplitAllophoneString" time="0.000" classname="marytts.modules.phonemiser.AllophoneSetTest"/>
  <testcase name="testSyllabify" time="0.001" classname="marytts.modules.phonemiser.AllophoneSetTest"/>
  <testcase name="testSyllabify" time="0.001" classname="marytts.modules.phonemiser.AllophoneSetTest"/>
  <testcase name="testSplitIntoAllophoneList" time="0.005" classname="marytts.modules.phonemiser.AllophoneSetTest"/>
  <testcase name="testLegacySyllabify" time="0.000" classname="marytts.modules.phonemiser.AllophoneSetTest"/>
  <testcase name="testSyllabify" time="0.007" classname="marytts.modules.phonemiser.AllophoneSetTest"/>
  <testcase name="testSplitIntoAllophoneList" time="0.002" classname="marytts.modules.phonemiser.AllophoneSetTest"/>
  <testcase name="testSyllabify" time="0.007" classname="marytts.modules.phonemiser.AllophoneSetTest"/>
  <testcase name="testLoadOnceReuse" time="0.000" classname="marytts.modules.phonemiser.AllophoneSetTest"/>
  <testcase name="testSyllabify" time="0.001" classname="marytts.modules.phonemiser.AllophoneSetTest"/>
  <testcase name="testSplitIntoAllophones" time="0.000" classname="marytts.modules.phonemiser.AllophoneSetTest"/>
  <testcase name="testSplitAllophoneString" time="0.001" classname="marytts.modules.phonemiser.AllophoneSetTest"/>
  <testcase name="testSyllabify" time="0.017" classname="marytts.modules.phonemiser.AllophoneSetTest"/>
  <testcase name="testSplitIntoAllophones" time="0.000" classname="marytts.modules.phonemiser.AllophoneSetTest"/>
  <testcase name="testSplitIntoAllophones" time="0.001" classname="marytts.modules.phonemiser.AllophoneSetTest"/>
  <testcase name="testSplitIntoAllophones" time="0.001" classname="marytts.modules.phonemiser.AllophoneSetTest"/>
  <testcase name="testLegacySyllabify" time="0.001" classname="marytts.modules.phonemiser.AllophoneSetTest"/>
  <testcase name="testSyllabify" time="0.014" classname="marytts.modules.phonemiser.AllophoneSetTest"/>
  <testcase name="testSyllabify" time="0.000" classname="marytts.modules.phonemiser.AllophoneSetTest"/>
  <testcase name="testSplitIntoAllophones" time="0.001" classname="marytts.modules.phonemiser.AllophoneSetTest"/>
  <testcase name="testSplitAllophoneString" time="0.001" classname="marytts.modules.phonemiser.AllophoneSetTest"/>
  <testcase name="testLegacySyllabify" time="0.001" classname="marytts.modules.phonemiser.AllophoneSetTest"/>
  <testcase name="testSplitIntoAllophoneList" time="0.001" classname="marytts.modules.phonemiser.AllophoneSetTest"/>
  <testcase name="testSyllabify" time="0.001" classname="marytts.modules.phonemiser.AllophoneSetTest"/>
  <testcase name="testSplitIntoAllophones" time="0.000" classname="marytts.modules.phonemiser.AllophoneSetTest"/>
  <testcase name="testSplitIntoAllophoneList" time="0.000" classname="marytts.modules.phonemiser.AllophoneSetTest"/>
  <testcase name="testSyllabifyWithEmptyInput" time="0.001" classname="marytts.modules.phonemiser.AllophoneSetTest"/>
  <testcase name="testLegacySyllabify" time="0.001" classname="marytts.modules.phonemiser.AllophoneSetTest"/>
  <testcase name="testLegacySyllabifyWithoutNucleus" time="0.002" classname="marytts.modules.phonemiser.AllophoneSetTest"/>
  <testcase name="testSplitAllophoneString" time="0.000" classname="marytts.modules.phonemiser.AllophoneSetTest"/>
  <testcase name="testSyllabifyWithoutNucleus" time="0.000" classname="marytts.modules.phonemiser.AllophoneSetTest"/>
  <testcase name="testSplitIntoAllophones" time="0.000" classname="marytts.modules.phonemiser.AllophoneSetTest"/>
  <testcase name="testSplitIntoAllophoneList" time="0.000" classname="marytts.modules.phonemiser.AllophoneSetTest"/>
  <testcase name="testSplitIntoAllophoneList" time="0.003" classname="marytts.modules.phonemiser.AllophoneSetTest"/>
  <testcase name="testSplitAllophoneString" time="0.003" classname="marytts.modules.phonemiser.AllophoneSetTest"/>
  <testcase name="testSplitIntoAllophoneList" time="0.002" classname="marytts.modules.phonemiser.AllophoneSetTest"/>
  <testcase name="testLegacySyllabify" time="0.001" classname="marytts.modules.phonemiser.AllophoneSetTest"/>
  <testcase name="testSyllabify" time="0.001" classname="marytts.modules.phonemiser.AllophoneSetTest"/>
  <testcase name="testSplitIntoAllophones" time="0.000" classname="marytts.modules.phonemiser.AllophoneSetTest"/>
  <testcase name="testSyllabify" time="0.004" classname="marytts.modules.phonemiser.AllophoneSetTest"/>
  <testcase name="testLegacySyllabify" time="0.001" classname="marytts.modules.phonemiser.AllophoneSetTest"/>
  <testcase name="testLoadedIsAvailable" time="0.001" classname="marytts.modules.phonemiser.AllophoneSetTest"/>
  <testcase name="testSyllabify" time="0.001" classname="marytts.modules.phonemiser.AllophoneSetTest"/>
  <testcase name="testSplitIntoAllophoneList" time="0.001" classname="marytts.modules.phonemiser.AllophoneSetTest"/>
  <testcase name="testSyllabify" time="0.001" classname="marytts.modules.phonemiser.AllophoneSetTest"/>
  <testcase name="testSyllabify" time="0.005" classname="marytts.modules.phonemiser.AllophoneSetTest"/>
  <testcase name="testSyllabify" time="0.010" classname="marytts.modules.phonemiser.AllophoneSetTest"/>
  <testcase name="testLegacySyllabify" time="0.001" classname="marytts.modules.phonemiser.AllophoneSetTest"/>
  <testcase name="testSplitIntoAllophones" time="0.000" classname="marytts.modules.phonemiser.AllophoneSetTest"/>
  <testcase name="testSyllabify" time="0.002" classname="marytts.modules.phonemiser.AllophoneSetTest"/>
  <testcase name="testSyllabify" time="0.001" classname="marytts.modules.phonemiser.AllophoneSetTest"/>
  <testcase name="testGetInvalidAllophone" time="0.059" classname="marytts.modules.phonemiser.AllophoneSetTest"/>
  <testcase name="testSyllabify" time="0.002" classname="marytts.modules.phonemiser.AllophoneSetTest"/>
</testsuite> <!-- marytts.modules.phonemiser.AllophoneSetTest -->
