<?xml version="1.0" encoding="UTF-8"?>
<!-- Generated by org.testng.reporters.JUnitReportReporter -->
<testsuite hostname="darshan-VirtualBox" name="marytts.language.fr.FrenchConfigTest" tests="3" failures="0" timestamp="13 Feb 2018 10:19:09 GMT" time="0.024" errors="0">
  <testcase name="hasFrenchLocale" time="0.002" classname="marytts.language.fr.FrenchConfigTest"/>
  <testcase name="canGet" time="0.016" classname="marytts.language.fr.FrenchConfigTest"/>
  <testcase name="isNotMainConfig" time="0.006" classname="marytts.language.fr.FrenchConfigTest"/>
</testsuite> <!-- marytts.language.fr.FrenchConfigTest -->
